[2016-03-23 15:01:21,158]<DEBUG>[c.n.w.Worker] Updating bets1 [pool-1-thread-1] 
[2016-03-23 15:01:21,331]<DEBUG>[c.n.w.Worker] Updated bet = Bet{, name='Batman - Superman', odd=Odd{name='1x2', win=6.69, draw=5.21, lose=3.88}} [pool-1-thread-1] 
[2016-03-23 15:01:31,140]<DEBUG>[c.n.w.Worker] Updating bets1 [pool-1-thread-1] 
[2016-03-23 15:01:31,151]<DEBUG>[c.n.w.Worker] Updated bet = Bet{, name='Russia - France', odd=Odd{name='1x2', win=3.92, draw=2.08, lose=7.17}} [pool-1-thread-1] 
[2016-03-23 15:01:41,140]<DEBUG>[c.n.w.Worker] Updating bets1 [pool-1-thread-2] 
[2016-03-23 15:01:41,151]<DEBUG>[c.n.w.Worker] Updated bet = Bet{, name='Russia - France', odd=Odd{name='1x2', win=8.46, draw=1.31, lose=8.98}} [pool-1-thread-2] 
[2016-03-23 15:01:41,162]<DEBUG>[c.n.w.Worker] Updated bet = Bet{, name='Germany - Italy', odd=Odd{name='1x2', win=1.29, draw=1.43, lose=1.66}} [pool-1-thread-2] 
[2016-03-23 15:01:41,173]<DEBUG>[c.n.w.Worker] Updated bet = Bet{, name='Batman - Superman', odd=Odd{name='1x2', win=5.16, draw=2.93, lose=3.9}} [pool-1-thread-2] 
[2016-03-23 15:01:51,141]<DEBUG>[c.n.w.Worker] Updating bets1 [pool-1-thread-1] 
[2016-03-23 15:02:01,140]<DEBUG>[c.n.w.Worker] Updating bets1 [pool-1-thread-3] 
[2016-03-23 15:02:01,150]<DEBUG>[c.n.w.Worker] Updated bet = Bet{, name='Germany - Italy', odd=Odd{name='1x2', win=2.67, draw=9.41, lose=7.78}} [pool-1-thread-3] 
[2016-03-23 15:02:11,141]<DEBUG>[c.n.w.Worker] Updating bets1 [pool-1-thread-2] 
[2016-03-23 15:02:11,149]<DEBUG>[c.n.w.Worker] Updated bet = Bet{, name='Russia - France', odd=Odd{name='1x2', win=1.38, draw=2.79, lose=3.25}} [pool-1-thread-2] 
[2016-03-23 15:02:11,154]<DEBUG>[c.n.w.Worker] Updated bet = Bet{, name='Latvia - Senegal', odd=Odd{name='1x2', win=3.32, draw=1.32, lose=6.94}} [pool-1-thread-2] 
[2016-03-23 15:02:21,141]<DEBUG>[c.n.w.Worker] Updating bets1 [pool-1-thread-2] 
[2016-03-23 15:02:21,153]<DEBUG>[c.n.w.Worker] Updated bet = Bet{, name='Russia - France', odd=Odd{name='1x2', win=6.11, draw=4.58, lose=1.11}} [pool-1-thread-2] 
[2016-03-23 15:02:31,142]<DEBUG>[c.n.w.Worker] Updating bets1 [pool-1-thread-2] 
[2016-03-23 15:02:31,150]<DEBUG>[c.n.w.Worker] Updated bet = Bet{, name='Russia - France', odd=Odd{name='1x2', win=4.68, draw=6.31, lose=8.95}} [pool-1-thread-2] 
[2016-03-23 15:02:31,154]<DEBUG>[c.n.w.Worker] Updated bet = Bet{, name='Latvia - Senegal', odd=Odd{name='1x2', win=8.38, draw=2.09, lose=2.51}} [pool-1-thread-2] 
[2016-03-23 15:02:41,142]<DEBUG>[c.n.w.Worker] Updating bets1 [pool-1-thread-5] 
[2016-03-23 15:02:51,142]<DEBUG>[c.n.w.Worker] Updating bets1 [pool-1-thread-3] 
[2016-03-23 15:02:51,150]<DEBUG>[c.n.w.Worker] Updated bet = Bet{, name='Latvia - Senegal', odd=Odd{name='1x2', win=5.35, draw=1.29, lose=7.91}} [pool-1-thread-3] 
[2016-03-23 15:03:01,143]<DEBUG>[c.n.w.Worker] Updating bets1 [pool-1-thread-6] 
[2016-03-23 15:03:01,147]<DEBUG>[c.n.w.Worker] Updated bet = Bet{, name='Russia - France', odd=Odd{name='1x2', win=1.24, draw=2.34, lose=2.52}} [pool-1-thread-6] 
[2016-03-23 15:03:11,143]<DEBUG>[c.n.w.Worker] Updating bets1 [pool-1-thread-6] 
[2016-03-23 15:03:11,147]<DEBUG>[c.n.w.Worker] Updated bet = Bet{, name='Russia - France', odd=Odd{name='1x2', win=4.31, draw=8.04, lose=6.62}} [pool-1-thread-6] 
[2016-03-23 15:03:21,144]<DEBUG>[c.n.w.Worker] Updating bets1 [pool-1-thread-6] 
[2016-03-23 15:03:21,151]<DEBUG>[c.n.w.Worker] Updated bet = Bet{, name='Russia - France', odd=Odd{name='1x2', win=1.04, draw=9.68, lose=1.33}} [pool-1-thread-6] 
[2016-03-23 15:03:21,155]<DEBUG>[c.n.w.Worker] Updated bet = Bet{, name='Batman - Superman', odd=Odd{name='1x2', win=1.66, draw=2.75, lose=7.64}} [pool-1-thread-6] 
[2016-03-23 15:03:31,143]<DEBUG>[c.n.w.Worker] Updating bets1 [pool-1-thread-1] 
[2016-03-23 15:03:31,149]<DEBUG>[c.n.w.Worker] Updated bet = Bet{, name='Latvia - Senegal', odd=Odd{name='1x2', win=3.42, draw=1.29, lose=9.6}} [pool-1-thread-1] 
[2016-03-23 15:03:31,156]<DEBUG>[c.n.w.Worker] Updated bet = Bet{, name='Batman - Superman', odd=Odd{name='1x2', win=8.55, draw=6.93, lose=6.31}} [pool-1-thread-1] 
[2016-03-23 15:03:41,144]<DEBUG>[c.n.w.Worker] Updating bets1 [pool-1-thread-1] 
[2016-03-23 15:03:41,152]<DEBUG>[c.n.w.Worker] Updated bet = Bet{, name='Germany - Italy', odd=Odd{name='1x2', win=8.2, draw=3.21, lose=2.63}} [pool-1-thread-1] 
[2016-03-23 15:03:41,159]<DEBUG>[c.n.w.Worker] Updated bet = Bet{, name='Latvia - Senegal', odd=Odd{name='1x2', win=8.46, draw=7.55, lose=8.9}} [pool-1-thread-1] 
[2016-03-23 15:03:51,146]<DEBUG>[c.n.w.Worker] Updating bets1 [pool-1-thread-2] 
[2016-03-23 15:03:51,155]<DEBUG>[c.n.w.Worker] Updated bet = Bet{, name='Latvia - Senegal', odd=Odd{name='1x2', win=1.15, draw=2.97, lose=6.18}} [pool-1-thread-2] 
[2016-03-23 15:03:51,162]<DEBUG>[c.n.w.Worker] Updated bet = Bet{, name='Batman - Superman', odd=Odd{name='1x2', win=1.06, draw=3.41, lose=6.35}} [pool-1-thread-2] 
[2016-03-23 15:04:01,145]<DEBUG>[c.n.w.Worker] Updating bets1 [pool-1-thread-2] 
[2016-03-23 15:04:01,152]<DEBUG>[c.n.w.Worker] Updated bet = Bet{, name='Batman - Superman', odd=Odd{name='1x2', win=7.83, draw=9.2, lose=4.74}} [pool-1-thread-2] 
